<?xml version="1.0" encoding="UTF-8"?>
<testng-results skipped="0" failed="2" ignored="0" retried="4" total="13" passed="7">
  <reporter-output>
  </reporter-output>
  <suite name="Suite" duration-ms="572414" started-at="2020-04-24T22:18:39 IST" finished-at="2020-04-24T22:28:11 IST">
    <groups>
      <group name="ddt">
        <method signature="FreeCRMLoginPageTest.fillInValidLoginDetails(java.lang.String, java.lang.String)[pri:2, instance:com.qa.crm.testpages.FreeCRMLoginPageTest@146044d7]" name="fillInValidLoginDetails" class="com.qa.crm.testpages.FreeCRMLoginPageTest"/>
        <method signature="FreeCRMLoginPageTest.fillValidLoginDetails(java.lang.String, java.lang.String)[pri:3, instance:com.qa.crm.testpages.FreeCRMLoginPageTest@146044d7]" name="fillValidLoginDetails" class="com.qa.crm.testpages.FreeCRMLoginPageTest"/>
        <method signature="RegisterPageTest.fillRegistrationForm(java.lang.String, java.lang.String, java.lang.String)[pri:2, instance:com.qa.crm.testpages.RegisterPageTest@59717824]" name="fillRegistrationForm" class="com.qa.crm.testpages.RegisterPageTest"/>
      </group> <!-- ddt -->
      <group name="regression">
        <method signature="FreeCRMLoginPageTest.verifyTitleTest()[pri:1, instance:com.qa.crm.testpages.FreeCRMLoginPageTest@146044d7]" name="verifyTitleTest" class="com.qa.crm.testpages.FreeCRMLoginPageTest"/>
        <method signature="FreeCRMLoginPageTest.fillInValidLoginDetails(java.lang.String, java.lang.String)[pri:2, instance:com.qa.crm.testpages.FreeCRMLoginPageTest@146044d7]" name="fillInValidLoginDetails" class="com.qa.crm.testpages.FreeCRMLoginPageTest"/>
        <method signature="FreeCRMLoginPageTest.fillValidLoginDetails(java.lang.String, java.lang.String)[pri:3, instance:com.qa.crm.testpages.FreeCRMLoginPageTest@146044d7]" name="fillValidLoginDetails" class="com.qa.crm.testpages.FreeCRMLoginPageTest"/>
        <method signature="RegisterPageTest.verifyTitleTest()[pri:1, instance:com.qa.crm.testpages.RegisterPageTest@59717824]" name="verifyTitleTest" class="com.qa.crm.testpages.RegisterPageTest"/>
        <method signature="RegisterPageTest.fillRegistrationForm(java.lang.String, java.lang.String, java.lang.String)[pri:2, instance:com.qa.crm.testpages.RegisterPageTest@59717824]" name="fillRegistrationForm" class="com.qa.crm.testpages.RegisterPageTest"/>
        <method signature="FreeCRMEntryPageTest.verifyLogoLink()[pri:1, instance:com.qa.crm.testpages.FreeCRMEntryPageTest@28c4711c]" name="verifyLogoLink" class="com.qa.crm.testpages.FreeCRMEntryPageTest"/>
      </group> <!-- regression -->
      <group name="sanity">
        <method signature="FreeCRMLoginPageTest.verifyTitleTest()[pri:1, instance:com.qa.crm.testpages.FreeCRMLoginPageTest@146044d7]" name="verifyTitleTest" class="com.qa.crm.testpages.FreeCRMLoginPageTest"/>
        <method signature="RegisterPageTest.verifyTitleTest()[pri:1, instance:com.qa.crm.testpages.RegisterPageTest@59717824]" name="verifyTitleTest" class="com.qa.crm.testpages.RegisterPageTest"/>
        <method signature="FreeCRMEntryPageTest.verifyLogoLink()[pri:1, instance:com.qa.crm.testpages.FreeCRMEntryPageTest@28c4711c]" name="verifyLogoLink" class="com.qa.crm.testpages.FreeCRMEntryPageTest"/>
      </group> <!-- sanity -->
    </groups>
    <test name="Test" duration-ms="572414" started-at="2020-04-24T22:18:39 IST" finished-at="2020-04-24T22:28:11 IST">
      <class name="com.qa.crm.testpages.FreeCRMEntryPageTest">
        <test-method status="PASS" signature="startReport()[pri:0, instance:com.qa.crm.testpages.FreeCRMEntryPageTest@28c4711c]" name="startReport" is-config="true" duration-ms="74" started-at="2020-04-24T22:18:39 IST" finished-at="2020-04-24T22:18:39 IST">
          <reporter-output>
          </reporter-output>
        </test-method> <!-- startReport -->
        <test-method status="PASS" signature="setUp()[pri:0, instance:com.qa.crm.testpages.FreeCRMEntryPageTest@28c4711c]" name="setUp" is-config="true" duration-ms="23494" started-at="2020-04-24T22:18:39 IST" finished-at="2020-04-24T22:19:03 IST">
          <reporter-output>
          </reporter-output>
        </test-method> <!-- setUp -->
        <test-method status="PASS" signature="verifyLogoLink()[pri:1, instance:com.qa.crm.testpages.FreeCRMEntryPageTest@28c4711c]" name="verifyLogoLink" duration-ms="3765" started-at="2020-04-24T22:19:03 IST" finished-at="2020-04-24T22:19:06 IST">
          <reporter-output>
          </reporter-output>
        </test-method> <!-- verifyLogoLink -->
        <test-method status="PASS" signature="tearDown()[pri:0, instance:com.qa.crm.testpages.FreeCRMEntryPageTest@28c4711c]" name="tearDown" is-config="true" duration-ms="1494" started-at="2020-04-24T22:19:07 IST" finished-at="2020-04-24T22:19:08 IST">
          <reporter-output>
          </reporter-output>
        </test-method> <!-- tearDown -->
        <test-method status="PASS" signature="endReport()[pri:0, instance:com.qa.crm.testpages.FreeCRMEntryPageTest@28c4711c]" name="endReport" is-config="true" duration-ms="2" started-at="2020-04-24T22:28:11 IST" finished-at="2020-04-24T22:28:11 IST">
          <reporter-output>
          </reporter-output>
        </test-method> <!-- endReport -->
      </class> <!-- com.qa.crm.testpages.FreeCRMEntryPageTest -->
      <class name="com.qa.crm.testpages.FreeCRMLoginPageTest">
        <test-method status="PASS" signature="setUp()[pri:0, instance:com.qa.crm.testpages.FreeCRMLoginPageTest@146044d7]" name="setUp" is-config="true" duration-ms="11328" started-at="2020-04-24T22:19:27 IST" finished-at="2020-04-24T22:19:38 IST">
          <reporter-output>
          </reporter-output>
        </test-method> <!-- setUp -->
        <test-method status="PASS" signature="verifyTitleTest()[pri:1, instance:com.qa.crm.testpages.FreeCRMLoginPageTest@146044d7]" name="verifyTitleTest" duration-ms="11271" started-at="2020-04-24T22:19:38 IST" finished-at="2020-04-24T22:19:49 IST">
          <reporter-output>
          </reporter-output>
        </test-method> <!-- verifyTitleTest -->
        <test-method status="PASS" signature="tearDown()[pri:0, instance:com.qa.crm.testpages.FreeCRMLoginPageTest@146044d7]" name="tearDown" is-config="true" duration-ms="884" started-at="2020-04-24T22:19:49 IST" finished-at="2020-04-24T22:19:50 IST">
          <reporter-output>
          </reporter-output>
        </test-method> <!-- tearDown -->
        <test-method status="PASS" signature="setUp()[pri:0, instance:com.qa.crm.testpages.FreeCRMLoginPageTest@146044d7]" name="setUp" is-config="true" duration-ms="10637" started-at="2020-04-24T22:19:52 IST" finished-at="2020-04-24T22:20:03 IST">
          <reporter-output>
          </reporter-output>
        </test-method> <!-- setUp -->
        <test-method status="PASS" signature="fillInValidLoginDetails(java.lang.String, java.lang.String)[pri:2, instance:com.qa.crm.testpages.FreeCRMLoginPageTest@146044d7]" name="fillInValidLoginDetails" duration-ms="10944" started-at="2020-04-24T22:20:03 IST" data-provider="getDataForInvalidLogin" depends-on-methods="com.qa.crm.testpages.FreeCRMLoginPageTest.verifyTitleTest" finished-at="2020-04-24T22:20:14 IST">
          <params>
            <param index="0">
              <value>
                <![CDATA[Abcdeg@gmail.com]]>
              </value>
            </param>
            <param index="1">
              <value>
                <![CDATA[abcdeh]]>
              </value>
            </param>
          </params>
          <reporter-output>
          </reporter-output>
        </test-method> <!-- fillInValidLoginDetails -->
        <test-method status="PASS" signature="tearDown()[pri:0, instance:com.qa.crm.testpages.FreeCRMLoginPageTest@146044d7]" name="tearDown" is-config="true" duration-ms="904" started-at="2020-04-24T22:20:14 IST" finished-at="2020-04-24T22:20:15 IST">
          <reporter-output>
          </reporter-output>
        </test-method> <!-- tearDown -->
        <test-method status="PASS" signature="setUp()[pri:0, instance:com.qa.crm.testpages.FreeCRMLoginPageTest@146044d7]" name="setUp" is-config="true" duration-ms="9652" started-at="2020-04-24T22:20:15 IST" finished-at="2020-04-24T22:20:24 IST">
          <reporter-output>
          </reporter-output>
        </test-method> <!-- setUp -->
        <test-method status="PASS" signature="fillInValidLoginDetails(java.lang.String, java.lang.String)[pri:2, instance:com.qa.crm.testpages.FreeCRMLoginPageTest@146044d7]" name="fillInValidLoginDetails" duration-ms="11768" started-at="2020-04-24T22:20:24 IST" data-provider="getDataForInvalidLogin" depends-on-methods="com.qa.crm.testpages.FreeCRMLoginPageTest.verifyTitleTest" finished-at="2020-04-24T22:20:36 IST">
          <params>
            <param index="0">
              <value>
                <![CDATA[jkkljhkld]]>
              </value>
            </param>
            <param index="1">
              <value>
                <![CDATA[jliowedhoe]]>
              </value>
            </param>
          </params>
          <reporter-output>
          </reporter-output>
        </test-method> <!-- fillInValidLoginDetails -->
        <test-method status="PASS" signature="tearDown()[pri:0, instance:com.qa.crm.testpages.FreeCRMLoginPageTest@146044d7]" name="tearDown" is-config="true" duration-ms="1145" started-at="2020-04-24T22:20:36 IST" finished-at="2020-04-24T22:20:37 IST">
          <reporter-output>
          </reporter-output>
        </test-method> <!-- tearDown -->
        <test-method status="PASS" signature="setUp()[pri:0, instance:com.qa.crm.testpages.FreeCRMLoginPageTest@146044d7]" name="setUp" is-config="true" duration-ms="11338" started-at="2020-04-24T22:20:37 IST" finished-at="2020-04-24T22:20:49 IST">
          <reporter-output>
          </reporter-output>
        </test-method> <!-- setUp -->
        <test-method status="PASS" signature="fillInValidLoginDetails(java.lang.String, java.lang.String)[pri:2, instance:com.qa.crm.testpages.FreeCRMLoginPageTest@146044d7]" name="fillInValidLoginDetails" duration-ms="26478" started-at="2020-04-24T22:20:49 IST" data-provider="getDataForInvalidLogin" depends-on-methods="com.qa.crm.testpages.FreeCRMLoginPageTest.verifyTitleTest" finished-at="2020-04-24T22:21:15 IST">
          <params>
            <param index="0">
              <value>
                <![CDATA[&**&*(())_)+++++++((__]]>
              </value>
            </param>
            <param index="1">
              <value>
                <![CDATA[iohowiehwedi]]>
              </value>
            </param>
          </params>
          <reporter-output>
          </reporter-output>
        </test-method> <!-- fillInValidLoginDetails -->
        <test-method status="PASS" signature="tearDown()[pri:0, instance:com.qa.crm.testpages.FreeCRMLoginPageTest@146044d7]" name="tearDown" is-config="true" duration-ms="781" started-at="2020-04-24T22:21:15 IST" finished-at="2020-04-24T22:21:16 IST">
          <reporter-output>
          </reporter-output>
        </test-method> <!-- tearDown -->
        <test-method status="PASS" signature="setUp()[pri:0, instance:com.qa.crm.testpages.FreeCRMLoginPageTest@146044d7]" name="setUp" is-config="true" duration-ms="14153" started-at="2020-04-24T22:27:42 IST" finished-at="2020-04-24T22:27:56 IST">
          <reporter-output>
          </reporter-output>
        </test-method> <!-- setUp -->
        <test-method status="PASS" signature="fillValidLoginDetails(java.lang.String, java.lang.String)[pri:3, instance:com.qa.crm.testpages.FreeCRMLoginPageTest@146044d7]" name="fillValidLoginDetails" duration-ms="14564" started-at="2020-04-24T22:27:56 IST" data-provider="getDataForValidLogin" depends-on-methods="com.qa.crm.testpages.FreeCRMLoginPageTest.verifyTitleTest" finished-at="2020-04-24T22:28:11 IST">
          <params>
            <param index="0">
              <value>
                <![CDATA[the.connoisseur1985@gmail.com]]>
              </value>
            </param>
            <param index="1">
              <value>
                <![CDATA[Connoisseur1985]]>
              </value>
            </param>
          </params>
          <reporter-output>
          </reporter-output>
        </test-method> <!-- fillValidLoginDetails -->
        <test-method status="PASS" signature="tearDown()[pri:0, instance:com.qa.crm.testpages.FreeCRMLoginPageTest@146044d7]" name="tearDown" is-config="true" duration-ms="902" started-at="2020-04-24T22:28:11 IST" finished-at="2020-04-24T22:28:11 IST">
          <reporter-output>
          </reporter-output>
        </test-method> <!-- tearDown -->
      </class> <!-- com.qa.crm.testpages.FreeCRMLoginPageTest -->
      <class name="com.qa.crm.testpages.RegisterPageTest">
        <test-method status="PASS" signature="setUp()[pri:0, instance:com.qa.crm.testpages.RegisterPageTest@59717824]" name="setUp" is-config="true" duration-ms="11821" started-at="2020-04-24T22:19:08 IST" finished-at="2020-04-24T22:19:20 IST">
          <reporter-output>
          </reporter-output>
        </test-method> <!-- setUp -->
        <test-method status="PASS" signature="verifyTitleTest()[pri:1, instance:com.qa.crm.testpages.RegisterPageTest@59717824]" name="verifyTitleTest" duration-ms="6160" started-at="2020-04-24T22:19:20 IST" finished-at="2020-04-24T22:19:26 IST">
          <reporter-output>
          </reporter-output>
        </test-method> <!-- verifyTitleTest -->
        <test-method status="PASS" signature="tearDown()[pri:0, instance:com.qa.crm.testpages.RegisterPageTest@59717824]" name="tearDown" is-config="true" duration-ms="864" started-at="2020-04-24T22:19:26 IST" finished-at="2020-04-24T22:19:27 IST">
          <reporter-output>
          </reporter-output>
        </test-method> <!-- tearDown -->
        <test-method status="PASS" signature="setUp()[pri:0, instance:com.qa.crm.testpages.RegisterPageTest@59717824]" name="setUp" is-config="true" duration-ms="11318" started-at="2020-04-24T22:21:16 IST" finished-at="2020-04-24T22:21:27 IST">
          <reporter-output>
          </reporter-output>
        </test-method> <!-- setUp -->
        <test-method name="fillRegistrationForm" signature="fillRegistrationForm(java.lang.String, java.lang.String, java.lang.String)[pri:2, instance:com.qa.crm.testpages.RegisterPageTest@59717824]" retried="true" duration-ms="46124" status="SKIP" finished-at="2020-04-24T22:22:13 IST" started-at="2020-04-24T22:21:27 IST" depends-on-methods="com.qa.crm.testpages.RegisterPageTest.verifyTitleTest" data-provider="data">
          <params>
            <param index="0">
              <value>
                <![CDATA[the.connoisseur1985@gmail.com]]>
              </value>
            </param>
            <param index="1">
              <value>
                <![CDATA[India (+91)]]>
              </value>
            </param>
            <param index="2">
              <value>
                <![CDATA[9888852760]]>
              </value>
            </param>
          </params>
          <exception class="org.openqa.selenium.NoSuchElementException">
            <message>
              <![CDATA[no such element: Unable to locate element: {"method":"css selector","selector":"div[class='recaptcha-checkbox-border']"}
  (Session info: chrome=81.0.4044.113)
For documentation on this error, please visit: https://www.seleniumhq.org/exceptions/no_such_element.html
Build info: version: '4.0.0-alpha-1', revision: 'd1d3728cae', time: '2019-04-24T13:42:21'
System info: host: 'LAPTOP-FK5U4VG9', ip: '192.168.0.103', os.name: 'Windows 10', os.arch: 'amd64', os.version: '10.0', java.version: '1.8.0_231'
Driver info: org.openqa.selenium.chrome.ChromeDriver
Capabilities {acceptInsecureCerts: false, browserName: chrome, browserVersion: 81.0.4044.113, chrome: {chromedriverVersion: 81.0.4044.20 (f006328e39a97..., userDataDir: C:\Users\ASUS\AppData\Local...}, goog:chromeOptions: {debuggerAddress: localhost:57466}, javascriptEnabled: true, networkConnectionEnabled: false, pageLoadStrategy: normal, platform: WINDOWS, platformName: WINDOWS, proxy: Proxy(), setWindowRect: true, strictFileInteractability: false, timeouts: {implicit: 0, pageLoad: 300000, script: 30000}, unhandledPromptBehavior: dismiss and notify, webauthn:virtualAuthenticators: true}
Session ID: bc4099f79bea916581f29df53175704b
*** Element info: {Using=css selector, value=div[class='recaptcha-checkbox-border']}]]>
            </message>
            <full-stacktrace>
              <![CDATA[org.openqa.selenium.NoSuchElementException: no such element: Unable to locate element: {"method":"css selector","selector":"div[class='recaptcha-checkbox-border']"}
  (Session info: chrome=81.0.4044.113)
For documentation on this error, please visit: https://www.seleniumhq.org/exceptions/no_such_element.html
Build info: version: '4.0.0-alpha-1', revision: 'd1d3728cae', time: '2019-04-24T13:42:21'
System info: host: 'LAPTOP-FK5U4VG9', ip: '192.168.0.103', os.name: 'Windows 10', os.arch: 'amd64', os.version: '10.0', java.version: '1.8.0_231'
Driver info: org.openqa.selenium.chrome.ChromeDriver
Capabilities {acceptInsecureCerts: false, browserName: chrome, browserVersion: 81.0.4044.113, chrome: {chromedriverVersion: 81.0.4044.20 (f006328e39a97..., userDataDir: C:\Users\ASUS\AppData\Local...}, goog:chromeOptions: {debuggerAddress: localhost:57466}, javascriptEnabled: true, networkConnectionEnabled: false, pageLoadStrategy: normal, platform: WINDOWS, platformName: WINDOWS, proxy: Proxy(), setWindowRect: true, strictFileInteractability: false, timeouts: {implicit: 0, pageLoad: 300000, script: 30000}, unhandledPromptBehavior: dismiss and notify, webauthn:virtualAuthenticators: true}
Session ID: bc4099f79bea916581f29df53175704b
*** Element info: {Using=css selector, value=div[class='recaptcha-checkbox-border']}
at sun.reflect.NativeConstructorAccessorImpl.newInstance0(Native Method)
at sun.reflect.NativeConstructorAccessorImpl.newInstance(NativeConstructorAccessorImpl.java:62)
at sun.reflect.DelegatingConstructorAccessorImpl.newInstance(DelegatingConstructorAccessorImpl.java:45)
at java.lang.reflect.Constructor.newInstance(Constructor.java:423)
at org.openqa.selenium.remote.codec.w3c.W3CHttpResponseCodec.createException(W3CHttpResponseCodec.java:190)
at org.openqa.selenium.remote.codec.w3c.W3CHttpResponseCodec.decode(W3CHttpResponseCodec.java:124)
at org.openqa.selenium.remote.codec.w3c.W3CHttpResponseCodec.decode(W3CHttpResponseCodec.java:51)
at org.openqa.selenium.remote.HttpCommandExecutor.execute(HttpCommandExecutor.java:161)
at org.openqa.selenium.remote.service.DriverCommandExecutor.execute(DriverCommandExecutor.java:83)
at org.openqa.selenium.remote.RemoteWebDriver.execute(RemoteWebDriver.java:577)
at org.openqa.selenium.remote.RemoteWebDriver.findElement(RemoteWebDriver.java:328)
at org.openqa.selenium.remote.RemoteWebDriver.findElementByCssSelector(RemoteWebDriver.java:436)
at org.openqa.selenium.By$ByCssSelector.findElement(By.java:431)
at org.openqa.selenium.remote.RemoteWebDriver.findElement(RemoteWebDriver.java:320)
at org.openqa.selenium.support.pagefactory.DefaultElementLocator.findElement(DefaultElementLocator.java:70)
at org.openqa.selenium.support.pagefactory.internal.LocatingElementHandler.invoke(LocatingElementHandler.java:39)
at com.sun.proxy.$Proxy12.click(Unknown Source)
at com.qa.crm.pages.RegisterPage.clickOnCaptcha(RegisterPage.java:84)
at com.qa.crm.testpages.RegisterPageTest.fillRegistrationForm(RegisterPageTest.java:80)
at sun.reflect.NativeMethodAccessorImpl.invoke0(Native Method)
at sun.reflect.NativeMethodAccessorImpl.invoke(NativeMethodAccessorImpl.java:62)
at sun.reflect.DelegatingMethodAccessorImpl.invoke(DelegatingMethodAccessorImpl.java:43)
at java.lang.reflect.Method.invoke(Method.java:498)
at org.testng.internal.MethodInvocationHelper.invokeMethod(MethodInvocationHelper.java:134)
at org.testng.internal.TestInvoker.invokeMethod(TestInvoker.java:597)
at org.testng.internal.TestInvoker.invokeTestMethod(TestInvoker.java:173)
at org.testng.internal.MethodRunner.runInSequence(MethodRunner.java:46)
at org.testng.internal.TestInvoker$MethodInvocationAgent.invoke(TestInvoker.java:816)
at org.testng.internal.TestInvoker.invokeTestMethods(TestInvoker.java:146)
at org.testng.internal.TestMethodWorker.invokeTestMethods(TestMethodWorker.java:146)
at org.testng.internal.TestMethodWorker.run(TestMethodWorker.java:128)
at java.util.ArrayList.forEach(ArrayList.java:1257)
at org.testng.TestRunner.privateRun(TestRunner.java:766)
at org.testng.TestRunner.run(TestRunner.java:587)
at org.testng.SuiteRunner.runTest(SuiteRunner.java:384)
at org.testng.SuiteRunner.access$000(SuiteRunner.java:28)
at org.testng.SuiteRunner$SuiteWorker.run(SuiteRunner.java:425)
at org.testng.internal.thread.ThreadUtil.lambda$execute$0(ThreadUtil.java:68)
at java.util.concurrent.FutureTask.run(FutureTask.java:266)
at java.util.concurrent.ThreadPoolExecutor.runWorker(ThreadPoolExecutor.java:1149)
at java.util.concurrent.ThreadPoolExecutor$Worker.run(ThreadPoolExecutor.java:624)
at java.lang.Thread.run(Thread.java:748)
]]>
            </full-stacktrace>
          </exception> <!-- org.openqa.selenium.NoSuchElementException -->
          <reporter-output>
          </reporter-output>
        </test-method> <!-- fillRegistrationForm -->
        <test-method status="PASS" signature="tearDown()[pri:0, instance:com.qa.crm.testpages.RegisterPageTest@59717824]" name="tearDown" is-config="true" duration-ms="835" started-at="2020-04-24T22:22:14 IST" finished-at="2020-04-24T22:22:15 IST">
          <reporter-output>
          </reporter-output>
        </test-method> <!-- tearDown -->
        <test-method status="PASS" signature="setUp()[pri:0, instance:com.qa.crm.testpages.RegisterPageTest@59717824]" name="setUp" is-config="true" duration-ms="13201" started-at="2020-04-24T22:22:15 IST" finished-at="2020-04-24T22:22:28 IST">
          <reporter-output>
          </reporter-output>
        </test-method> <!-- setUp -->
        <test-method name="fillRegistrationForm" signature="fillRegistrationForm(java.lang.String, java.lang.String, java.lang.String)[pri:2, instance:com.qa.crm.testpages.RegisterPageTest@59717824]" retried="true" duration-ms="46337" status="SKIP" finished-at="2020-04-24T22:23:15 IST" started-at="2020-04-24T22:22:28 IST" depends-on-methods="com.qa.crm.testpages.RegisterPageTest.verifyTitleTest" data-provider="data">
          <params>
            <param index="0">
              <value>
                <![CDATA[the.connoisseur1985@gmail.com]]>
              </value>
            </param>
            <param index="1">
              <value>
                <![CDATA[India (+91)]]>
              </value>
            </param>
            <param index="2">
              <value>
                <![CDATA[9888852760]]>
              </value>
            </param>
          </params>
          <exception class="org.openqa.selenium.NoSuchElementException">
            <message>
              <![CDATA[no such element: Unable to locate element: {"method":"css selector","selector":"div[class='recaptcha-checkbox-border']"}
  (Session info: chrome=81.0.4044.113)
For documentation on this error, please visit: https://www.seleniumhq.org/exceptions/no_such_element.html
Build info: version: '4.0.0-alpha-1', revision: 'd1d3728cae', time: '2019-04-24T13:42:21'
System info: host: 'LAPTOP-FK5U4VG9', ip: '192.168.0.103', os.name: 'Windows 10', os.arch: 'amd64', os.version: '10.0', java.version: '1.8.0_231'
Driver info: org.openqa.selenium.chrome.ChromeDriver
Capabilities {acceptInsecureCerts: false, browserName: chrome, browserVersion: 81.0.4044.113, chrome: {chromedriverVersion: 81.0.4044.20 (f006328e39a97..., userDataDir: C:\Users\ASUS\AppData\Local...}, goog:chromeOptions: {debuggerAddress: localhost:57541}, javascriptEnabled: true, networkConnectionEnabled: false, pageLoadStrategy: normal, platform: WINDOWS, platformName: WINDOWS, proxy: Proxy(), setWindowRect: true, strictFileInteractability: false, timeouts: {implicit: 0, pageLoad: 300000, script: 30000}, unhandledPromptBehavior: dismiss and notify, webauthn:virtualAuthenticators: true}
Session ID: 9eb06b66ad9b0a51a53cf275d5b76f80
*** Element info: {Using=css selector, value=div[class='recaptcha-checkbox-border']}]]>
            </message>
            <full-stacktrace>
              <![CDATA[org.openqa.selenium.NoSuchElementException: no such element: Unable to locate element: {"method":"css selector","selector":"div[class='recaptcha-checkbox-border']"}
  (Session info: chrome=81.0.4044.113)
For documentation on this error, please visit: https://www.seleniumhq.org/exceptions/no_such_element.html
Build info: version: '4.0.0-alpha-1', revision: 'd1d3728cae', time: '2019-04-24T13:42:21'
System info: host: 'LAPTOP-FK5U4VG9', ip: '192.168.0.103', os.name: 'Windows 10', os.arch: 'amd64', os.version: '10.0', java.version: '1.8.0_231'
Driver info: org.openqa.selenium.chrome.ChromeDriver
Capabilities {acceptInsecureCerts: false, browserName: chrome, browserVersion: 81.0.4044.113, chrome: {chromedriverVersion: 81.0.4044.20 (f006328e39a97..., userDataDir: C:\Users\ASUS\AppData\Local...}, goog:chromeOptions: {debuggerAddress: localhost:57541}, javascriptEnabled: true, networkConnectionEnabled: false, pageLoadStrategy: normal, platform: WINDOWS, platformName: WINDOWS, proxy: Proxy(), setWindowRect: true, strictFileInteractability: false, timeouts: {implicit: 0, pageLoad: 300000, script: 30000}, unhandledPromptBehavior: dismiss and notify, webauthn:virtualAuthenticators: true}
Session ID: 9eb06b66ad9b0a51a53cf275d5b76f80
*** Element info: {Using=css selector, value=div[class='recaptcha-checkbox-border']}
at sun.reflect.NativeConstructorAccessorImpl.newInstance0(Native Method)
at sun.reflect.NativeConstructorAccessorImpl.newInstance(NativeConstructorAccessorImpl.java:62)
at sun.reflect.DelegatingConstructorAccessorImpl.newInstance(DelegatingConstructorAccessorImpl.java:45)
at java.lang.reflect.Constructor.newInstance(Constructor.java:423)
at org.openqa.selenium.remote.codec.w3c.W3CHttpResponseCodec.createException(W3CHttpResponseCodec.java:190)
at org.openqa.selenium.remote.codec.w3c.W3CHttpResponseCodec.decode(W3CHttpResponseCodec.java:124)
at org.openqa.selenium.remote.codec.w3c.W3CHttpResponseCodec.decode(W3CHttpResponseCodec.java:51)
at org.openqa.selenium.remote.HttpCommandExecutor.execute(HttpCommandExecutor.java:161)
at org.openqa.selenium.remote.service.DriverCommandExecutor.execute(DriverCommandExecutor.java:83)
at org.openqa.selenium.remote.RemoteWebDriver.execute(RemoteWebDriver.java:577)
at org.openqa.selenium.remote.RemoteWebDriver.findElement(RemoteWebDriver.java:328)
at org.openqa.selenium.remote.RemoteWebDriver.findElementByCssSelector(RemoteWebDriver.java:436)
at org.openqa.selenium.By$ByCssSelector.findElement(By.java:431)
at org.openqa.selenium.remote.RemoteWebDriver.findElement(RemoteWebDriver.java:320)
at org.openqa.selenium.support.pagefactory.DefaultElementLocator.findElement(DefaultElementLocator.java:70)
at org.openqa.selenium.support.pagefactory.internal.LocatingElementHandler.invoke(LocatingElementHandler.java:39)
at com.sun.proxy.$Proxy12.click(Unknown Source)
at com.qa.crm.pages.RegisterPage.clickOnCaptcha(RegisterPage.java:84)
at com.qa.crm.testpages.RegisterPageTest.fillRegistrationForm(RegisterPageTest.java:80)
at sun.reflect.NativeMethodAccessorImpl.invoke0(Native Method)
at sun.reflect.NativeMethodAccessorImpl.invoke(NativeMethodAccessorImpl.java:62)
at sun.reflect.DelegatingMethodAccessorImpl.invoke(DelegatingMethodAccessorImpl.java:43)
at java.lang.reflect.Method.invoke(Method.java:498)
at org.testng.internal.MethodInvocationHelper.invokeMethod(MethodInvocationHelper.java:134)
at org.testng.internal.TestInvoker.invokeMethod(TestInvoker.java:597)
at org.testng.internal.TestInvoker.retryFailed(TestInvoker.java:213)
at org.testng.internal.MethodRunner.runInSequence(MethodRunner.java:58)
at org.testng.internal.TestInvoker$MethodInvocationAgent.invoke(TestInvoker.java:816)
at org.testng.internal.TestInvoker.invokeTestMethods(TestInvoker.java:146)
at org.testng.internal.TestMethodWorker.invokeTestMethods(TestMethodWorker.java:146)
at org.testng.internal.TestMethodWorker.run(TestMethodWorker.java:128)
at java.util.ArrayList.forEach(ArrayList.java:1257)
at org.testng.TestRunner.privateRun(TestRunner.java:766)
at org.testng.TestRunner.run(TestRunner.java:587)
at org.testng.SuiteRunner.runTest(SuiteRunner.java:384)
at org.testng.SuiteRunner.access$000(SuiteRunner.java:28)
at org.testng.SuiteRunner$SuiteWorker.run(SuiteRunner.java:425)
at org.testng.internal.thread.ThreadUtil.lambda$execute$0(ThreadUtil.java:68)
at java.util.concurrent.FutureTask.run(FutureTask.java:266)
at java.util.concurrent.ThreadPoolExecutor.runWorker(ThreadPoolExecutor.java:1149)
at java.util.concurrent.ThreadPoolExecutor$Worker.run(ThreadPoolExecutor.java:624)
at java.lang.Thread.run(Thread.java:748)
]]>
            </full-stacktrace>
          </exception> <!-- org.openqa.selenium.NoSuchElementException -->
          <reporter-output>
          </reporter-output>
        </test-method> <!-- fillRegistrationForm -->
        <test-method status="PASS" signature="tearDown()[pri:0, instance:com.qa.crm.testpages.RegisterPageTest@59717824]" name="tearDown" is-config="true" duration-ms="723" started-at="2020-04-24T22:23:15 IST" finished-at="2020-04-24T22:23:16 IST">
          <reporter-output>
          </reporter-output>
        </test-method> <!-- tearDown -->
        <test-method status="PASS" signature="setUp()[pri:0, instance:com.qa.crm.testpages.RegisterPageTest@59717824]" name="setUp" is-config="true" duration-ms="10365" started-at="2020-04-24T22:23:16 IST" finished-at="2020-04-24T22:23:26 IST">
          <reporter-output>
          </reporter-output>
        </test-method> <!-- setUp -->
        <test-method status="FAIL" signature="fillRegistrationForm(java.lang.String, java.lang.String, java.lang.String)[pri:2, instance:com.qa.crm.testpages.RegisterPageTest@59717824]" name="fillRegistrationForm" duration-ms="45834" started-at="2020-04-24T22:23:26 IST" data-provider="data" depends-on-methods="com.qa.crm.testpages.RegisterPageTest.verifyTitleTest" finished-at="2020-04-24T22:24:12 IST">
          <params>
            <param index="0">
              <value>
                <![CDATA[the.connoisseur1985@gmail.com]]>
              </value>
            </param>
            <param index="1">
              <value>
                <![CDATA[India (+91)]]>
              </value>
            </param>
            <param index="2">
              <value>
                <![CDATA[9888852760]]>
              </value>
            </param>
          </params>
          <exception class="org.openqa.selenium.NoSuchElementException">
            <message>
              <![CDATA[no such element: Unable to locate element: {"method":"css selector","selector":"div[class='recaptcha-checkbox-border']"}
  (Session info: chrome=81.0.4044.113)
For documentation on this error, please visit: https://www.seleniumhq.org/exceptions/no_such_element.html
Build info: version: '4.0.0-alpha-1', revision: 'd1d3728cae', time: '2019-04-24T13:42:21'
System info: host: 'LAPTOP-FK5U4VG9', ip: '192.168.0.103', os.name: 'Windows 10', os.arch: 'amd64', os.version: '10.0', java.version: '1.8.0_231'
Driver info: org.openqa.selenium.chrome.ChromeDriver
Capabilities {acceptInsecureCerts: false, browserName: chrome, browserVersion: 81.0.4044.113, chrome: {chromedriverVersion: 81.0.4044.20 (f006328e39a97..., userDataDir: C:\Users\ASUS\AppData\Local...}, goog:chromeOptions: {debuggerAddress: localhost:57621}, javascriptEnabled: true, networkConnectionEnabled: false, pageLoadStrategy: normal, platform: WINDOWS, platformName: WINDOWS, proxy: Proxy(), setWindowRect: true, strictFileInteractability: false, timeouts: {implicit: 0, pageLoad: 300000, script: 30000}, unhandledPromptBehavior: dismiss and notify, webauthn:virtualAuthenticators: true}
Session ID: 356604ab1abe2b0bf608edfd1b401991
*** Element info: {Using=css selector, value=div[class='recaptcha-checkbox-border']}]]>
            </message>
            <full-stacktrace>
              <![CDATA[org.openqa.selenium.NoSuchElementException: no such element: Unable to locate element: {"method":"css selector","selector":"div[class='recaptcha-checkbox-border']"}
  (Session info: chrome=81.0.4044.113)
For documentation on this error, please visit: https://www.seleniumhq.org/exceptions/no_such_element.html
Build info: version: '4.0.0-alpha-1', revision: 'd1d3728cae', time: '2019-04-24T13:42:21'
System info: host: 'LAPTOP-FK5U4VG9', ip: '192.168.0.103', os.name: 'Windows 10', os.arch: 'amd64', os.version: '10.0', java.version: '1.8.0_231'
Driver info: org.openqa.selenium.chrome.ChromeDriver
Capabilities {acceptInsecureCerts: false, browserName: chrome, browserVersion: 81.0.4044.113, chrome: {chromedriverVersion: 81.0.4044.20 (f006328e39a97..., userDataDir: C:\Users\ASUS\AppData\Local...}, goog:chromeOptions: {debuggerAddress: localhost:57621}, javascriptEnabled: true, networkConnectionEnabled: false, pageLoadStrategy: normal, platform: WINDOWS, platformName: WINDOWS, proxy: Proxy(), setWindowRect: true, strictFileInteractability: false, timeouts: {implicit: 0, pageLoad: 300000, script: 30000}, unhandledPromptBehavior: dismiss and notify, webauthn:virtualAuthenticators: true}
Session ID: 356604ab1abe2b0bf608edfd1b401991
*** Element info: {Using=css selector, value=div[class='recaptcha-checkbox-border']}
at sun.reflect.NativeConstructorAccessorImpl.newInstance0(Native Method)
at sun.reflect.NativeConstructorAccessorImpl.newInstance(NativeConstructorAccessorImpl.java:62)
at sun.reflect.DelegatingConstructorAccessorImpl.newInstance(DelegatingConstructorAccessorImpl.java:45)
at java.lang.reflect.Constructor.newInstance(Constructor.java:423)
at org.openqa.selenium.remote.codec.w3c.W3CHttpResponseCodec.createException(W3CHttpResponseCodec.java:190)
at org.openqa.selenium.remote.codec.w3c.W3CHttpResponseCodec.decode(W3CHttpResponseCodec.java:124)
at org.openqa.selenium.remote.codec.w3c.W3CHttpResponseCodec.decode(W3CHttpResponseCodec.java:51)
at org.openqa.selenium.remote.HttpCommandExecutor.execute(HttpCommandExecutor.java:161)
at org.openqa.selenium.remote.service.DriverCommandExecutor.execute(DriverCommandExecutor.java:83)
at org.openqa.selenium.remote.RemoteWebDriver.execute(RemoteWebDriver.java:577)
at org.openqa.selenium.remote.RemoteWebDriver.findElement(RemoteWebDriver.java:328)
at org.openqa.selenium.remote.RemoteWebDriver.findElementByCssSelector(RemoteWebDriver.java:436)
at org.openqa.selenium.By$ByCssSelector.findElement(By.java:431)
at org.openqa.selenium.remote.RemoteWebDriver.findElement(RemoteWebDriver.java:320)
at org.openqa.selenium.support.pagefactory.DefaultElementLocator.findElement(DefaultElementLocator.java:70)
at org.openqa.selenium.support.pagefactory.internal.LocatingElementHandler.invoke(LocatingElementHandler.java:39)
at com.sun.proxy.$Proxy12.click(Unknown Source)
at com.qa.crm.pages.RegisterPage.clickOnCaptcha(RegisterPage.java:84)
at com.qa.crm.testpages.RegisterPageTest.fillRegistrationForm(RegisterPageTest.java:80)
at sun.reflect.NativeMethodAccessorImpl.invoke0(Native Method)
at sun.reflect.NativeMethodAccessorImpl.invoke(NativeMethodAccessorImpl.java:62)
at sun.reflect.DelegatingMethodAccessorImpl.invoke(DelegatingMethodAccessorImpl.java:43)
at java.lang.reflect.Method.invoke(Method.java:498)
at org.testng.internal.MethodInvocationHelper.invokeMethod(MethodInvocationHelper.java:134)
at org.testng.internal.TestInvoker.invokeMethod(TestInvoker.java:597)
at org.testng.internal.TestInvoker.retryFailed(TestInvoker.java:213)
at org.testng.internal.MethodRunner.runInSequence(MethodRunner.java:58)
at org.testng.internal.TestInvoker$MethodInvocationAgent.invoke(TestInvoker.java:816)
at org.testng.internal.TestInvoker.invokeTestMethods(TestInvoker.java:146)
at org.testng.internal.TestMethodWorker.invokeTestMethods(TestMethodWorker.java:146)
at org.testng.internal.TestMethodWorker.run(TestMethodWorker.java:128)
at java.util.ArrayList.forEach(ArrayList.java:1257)
at org.testng.TestRunner.privateRun(TestRunner.java:766)
at org.testng.TestRunner.run(TestRunner.java:587)
at org.testng.SuiteRunner.runTest(SuiteRunner.java:384)
at org.testng.SuiteRunner.access$000(SuiteRunner.java:28)
at org.testng.SuiteRunner$SuiteWorker.run(SuiteRunner.java:425)
at org.testng.internal.thread.ThreadUtil.lambda$execute$0(ThreadUtil.java:68)
at java.util.concurrent.FutureTask.run(FutureTask.java:266)
at java.util.concurrent.ThreadPoolExecutor.runWorker(ThreadPoolExecutor.java:1149)
at java.util.concurrent.ThreadPoolExecutor$Worker.run(ThreadPoolExecutor.java:624)
at java.lang.Thread.run(Thread.java:748)
]]>
            </full-stacktrace>
          </exception> <!-- org.openqa.selenium.NoSuchElementException -->
          <reporter-output>
          </reporter-output>
        </test-method> <!-- fillRegistrationForm -->
        <test-method status="PASS" signature="tearDown()[pri:0, instance:com.qa.crm.testpages.RegisterPageTest@59717824]" name="tearDown" is-config="true" duration-ms="2179" started-at="2020-04-24T22:24:13 IST" finished-at="2020-04-24T22:24:16 IST">
          <reporter-output>
          </reporter-output>
        </test-method> <!-- tearDown -->
        <test-method status="PASS" signature="setUp()[pri:0, instance:com.qa.crm.testpages.RegisterPageTest@59717824]" name="setUp" is-config="true" duration-ms="30219" started-at="2020-04-24T22:24:16 IST" finished-at="2020-04-24T22:24:46 IST">
          <reporter-output>
          </reporter-output>
        </test-method> <!-- setUp -->
        <test-method name="fillRegistrationForm" signature="fillRegistrationForm(java.lang.String, java.lang.String, java.lang.String)[pri:2, instance:com.qa.crm.testpages.RegisterPageTest@59717824]" retried="true" duration-ms="48704" status="SKIP" finished-at="2020-04-24T22:25:35 IST" started-at="2020-04-24T22:24:46 IST" depends-on-methods="com.qa.crm.testpages.RegisterPageTest.verifyTitleTest" data-provider="data">
          <params>
            <param index="0">
              <value>
                <![CDATA[ankurmahaj@gmail.com]]>
              </value>
            </param>
            <param index="1">
              <value>
                <![CDATA[Canada (+1)]]>
              </value>
            </param>
            <param index="2">
              <value>
                <![CDATA[9878648461]]>
              </value>
            </param>
          </params>
          <exception class="org.openqa.selenium.NoSuchElementException">
            <message>
              <![CDATA[no such element: Unable to locate element: {"method":"css selector","selector":"div[class='recaptcha-checkbox-border']"}
  (Session info: chrome=81.0.4044.113)
For documentation on this error, please visit: https://www.seleniumhq.org/exceptions/no_such_element.html
Build info: version: '4.0.0-alpha-1', revision: 'd1d3728cae', time: '2019-04-24T13:42:21'
System info: host: 'LAPTOP-FK5U4VG9', ip: '192.168.0.103', os.name: 'Windows 10', os.arch: 'amd64', os.version: '10.0', java.version: '1.8.0_231'
Driver info: org.openqa.selenium.chrome.ChromeDriver
Capabilities {acceptInsecureCerts: false, browserName: chrome, browserVersion: 81.0.4044.113, chrome: {chromedriverVersion: 81.0.4044.20 (f006328e39a97..., userDataDir: C:\Users\ASUS\AppData\Local...}, goog:chromeOptions: {debuggerAddress: localhost:57712}, javascriptEnabled: true, networkConnectionEnabled: false, pageLoadStrategy: normal, platform: WINDOWS, platformName: WINDOWS, proxy: Proxy(), setWindowRect: true, strictFileInteractability: false, timeouts: {implicit: 0, pageLoad: 300000, script: 30000}, unhandledPromptBehavior: dismiss and notify, webauthn:virtualAuthenticators: true}
Session ID: 6525f64266b39a3d80ce87263aa32579
*** Element info: {Using=css selector, value=div[class='recaptcha-checkbox-border']}]]>
            </message>
            <full-stacktrace>
              <![CDATA[org.openqa.selenium.NoSuchElementException: no such element: Unable to locate element: {"method":"css selector","selector":"div[class='recaptcha-checkbox-border']"}
  (Session info: chrome=81.0.4044.113)
For documentation on this error, please visit: https://www.seleniumhq.org/exceptions/no_such_element.html
Build info: version: '4.0.0-alpha-1', revision: 'd1d3728cae', time: '2019-04-24T13:42:21'
System info: host: 'LAPTOP-FK5U4VG9', ip: '192.168.0.103', os.name: 'Windows 10', os.arch: 'amd64', os.version: '10.0', java.version: '1.8.0_231'
Driver info: org.openqa.selenium.chrome.ChromeDriver
Capabilities {acceptInsecureCerts: false, browserName: chrome, browserVersion: 81.0.4044.113, chrome: {chromedriverVersion: 81.0.4044.20 (f006328e39a97..., userDataDir: C:\Users\ASUS\AppData\Local...}, goog:chromeOptions: {debuggerAddress: localhost:57712}, javascriptEnabled: true, networkConnectionEnabled: false, pageLoadStrategy: normal, platform: WINDOWS, platformName: WINDOWS, proxy: Proxy(), setWindowRect: true, strictFileInteractability: false, timeouts: {implicit: 0, pageLoad: 300000, script: 30000}, unhandledPromptBehavior: dismiss and notify, webauthn:virtualAuthenticators: true}
Session ID: 6525f64266b39a3d80ce87263aa32579
*** Element info: {Using=css selector, value=div[class='recaptcha-checkbox-border']}
at sun.reflect.NativeConstructorAccessorImpl.newInstance0(Native Method)
at sun.reflect.NativeConstructorAccessorImpl.newInstance(NativeConstructorAccessorImpl.java:62)
at sun.reflect.DelegatingConstructorAccessorImpl.newInstance(DelegatingConstructorAccessorImpl.java:45)
at java.lang.reflect.Constructor.newInstance(Constructor.java:423)
at org.openqa.selenium.remote.codec.w3c.W3CHttpResponseCodec.createException(W3CHttpResponseCodec.java:190)
at org.openqa.selenium.remote.codec.w3c.W3CHttpResponseCodec.decode(W3CHttpResponseCodec.java:124)
at org.openqa.selenium.remote.codec.w3c.W3CHttpResponseCodec.decode(W3CHttpResponseCodec.java:51)
at org.openqa.selenium.remote.HttpCommandExecutor.execute(HttpCommandExecutor.java:161)
at org.openqa.selenium.remote.service.DriverCommandExecutor.execute(DriverCommandExecutor.java:83)
at org.openqa.selenium.remote.RemoteWebDriver.execute(RemoteWebDriver.java:577)
at org.openqa.selenium.remote.RemoteWebDriver.findElement(RemoteWebDriver.java:328)
at org.openqa.selenium.remote.RemoteWebDriver.findElementByCssSelector(RemoteWebDriver.java:436)
at org.openqa.selenium.By$ByCssSelector.findElement(By.java:431)
at org.openqa.selenium.remote.RemoteWebDriver.findElement(RemoteWebDriver.java:320)
at org.openqa.selenium.support.pagefactory.DefaultElementLocator.findElement(DefaultElementLocator.java:70)
at org.openqa.selenium.support.pagefactory.internal.LocatingElementHandler.invoke(LocatingElementHandler.java:39)
at com.sun.proxy.$Proxy12.click(Unknown Source)
at com.qa.crm.pages.RegisterPage.clickOnCaptcha(RegisterPage.java:84)
at com.qa.crm.testpages.RegisterPageTest.fillRegistrationForm(RegisterPageTest.java:80)
at sun.reflect.NativeMethodAccessorImpl.invoke0(Native Method)
at sun.reflect.NativeMethodAccessorImpl.invoke(NativeMethodAccessorImpl.java:62)
at sun.reflect.DelegatingMethodAccessorImpl.invoke(DelegatingMethodAccessorImpl.java:43)
at java.lang.reflect.Method.invoke(Method.java:498)
at org.testng.internal.MethodInvocationHelper.invokeMethod(MethodInvocationHelper.java:134)
at org.testng.internal.TestInvoker.invokeMethod(TestInvoker.java:597)
at org.testng.internal.TestInvoker.invokeTestMethod(TestInvoker.java:173)
at org.testng.internal.MethodRunner.runInSequence(MethodRunner.java:46)
at org.testng.internal.TestInvoker$MethodInvocationAgent.invoke(TestInvoker.java:816)
at org.testng.internal.TestInvoker.invokeTestMethods(TestInvoker.java:146)
at org.testng.internal.TestMethodWorker.invokeTestMethods(TestMethodWorker.java:146)
at org.testng.internal.TestMethodWorker.run(TestMethodWorker.java:128)
at java.util.ArrayList.forEach(ArrayList.java:1257)
at org.testng.TestRunner.privateRun(TestRunner.java:766)
at org.testng.TestRunner.run(TestRunner.java:587)
at org.testng.SuiteRunner.runTest(SuiteRunner.java:384)
at org.testng.SuiteRunner.access$000(SuiteRunner.java:28)
at org.testng.SuiteRunner$SuiteWorker.run(SuiteRunner.java:425)
at org.testng.internal.thread.ThreadUtil.lambda$execute$0(ThreadUtil.java:68)
at java.util.concurrent.FutureTask.run(FutureTask.java:266)
at java.util.concurrent.ThreadPoolExecutor.runWorker(ThreadPoolExecutor.java:1149)
at java.util.concurrent.ThreadPoolExecutor$Worker.run(ThreadPoolExecutor.java:624)
at java.lang.Thread.run(Thread.java:748)
]]>
            </full-stacktrace>
          </exception> <!-- org.openqa.selenium.NoSuchElementException -->
          <reporter-output>
          </reporter-output>
        </test-method> <!-- fillRegistrationForm -->
        <test-method status="PASS" signature="tearDown()[pri:0, instance:com.qa.crm.testpages.RegisterPageTest@59717824]" name="tearDown" is-config="true" duration-ms="886" started-at="2020-04-24T22:25:35 IST" finished-at="2020-04-24T22:25:36 IST">
          <reporter-output>
          </reporter-output>
        </test-method> <!-- tearDown -->
        <test-method status="PASS" signature="setUp()[pri:0, instance:com.qa.crm.testpages.RegisterPageTest@59717824]" name="setUp" is-config="true" duration-ms="13810" started-at="2020-04-24T22:25:36 IST" finished-at="2020-04-24T22:25:50 IST">
          <reporter-output>
          </reporter-output>
        </test-method> <!-- setUp -->
        <test-method name="fillRegistrationForm" signature="fillRegistrationForm(java.lang.String, java.lang.String, java.lang.String)[pri:2, instance:com.qa.crm.testpages.RegisterPageTest@59717824]" retried="true" duration-ms="47610" status="SKIP" finished-at="2020-04-24T22:26:38 IST" started-at="2020-04-24T22:25:50 IST" depends-on-methods="com.qa.crm.testpages.RegisterPageTest.verifyTitleTest" data-provider="data">
          <params>
            <param index="0">
              <value>
                <![CDATA[ankurmahaj@gmail.com]]>
              </value>
            </param>
            <param index="1">
              <value>
                <![CDATA[Canada (+1)]]>
              </value>
            </param>
            <param index="2">
              <value>
                <![CDATA[9878648461]]>
              </value>
            </param>
          </params>
          <exception class="org.openqa.selenium.NoSuchElementException">
            <message>
              <![CDATA[no such element: Unable to locate element: {"method":"css selector","selector":"div[class='recaptcha-checkbox-border']"}
  (Session info: chrome=81.0.4044.113)
For documentation on this error, please visit: https://www.seleniumhq.org/exceptions/no_such_element.html
Build info: version: '4.0.0-alpha-1', revision: 'd1d3728cae', time: '2019-04-24T13:42:21'
System info: host: 'LAPTOP-FK5U4VG9', ip: '192.168.0.103', os.name: 'Windows 10', os.arch: 'amd64', os.version: '10.0', java.version: '1.8.0_231'
Driver info: org.openqa.selenium.chrome.ChromeDriver
Capabilities {acceptInsecureCerts: false, browserName: chrome, browserVersion: 81.0.4044.113, chrome: {chromedriverVersion: 81.0.4044.20 (f006328e39a97..., userDataDir: C:\Users\ASUS\AppData\Local...}, goog:chromeOptions: {debuggerAddress: localhost:57791}, javascriptEnabled: true, networkConnectionEnabled: false, pageLoadStrategy: normal, platform: WINDOWS, platformName: WINDOWS, proxy: Proxy(), setWindowRect: true, strictFileInteractability: false, timeouts: {implicit: 0, pageLoad: 300000, script: 30000}, unhandledPromptBehavior: dismiss and notify, webauthn:virtualAuthenticators: true}
Session ID: fb90380af9628223a28dbbec6dd8ab27
*** Element info: {Using=css selector, value=div[class='recaptcha-checkbox-border']}]]>
            </message>
            <full-stacktrace>
              <![CDATA[org.openqa.selenium.NoSuchElementException: no such element: Unable to locate element: {"method":"css selector","selector":"div[class='recaptcha-checkbox-border']"}
  (Session info: chrome=81.0.4044.113)
For documentation on this error, please visit: https://www.seleniumhq.org/exceptions/no_such_element.html
Build info: version: '4.0.0-alpha-1', revision: 'd1d3728cae', time: '2019-04-24T13:42:21'
System info: host: 'LAPTOP-FK5U4VG9', ip: '192.168.0.103', os.name: 'Windows 10', os.arch: 'amd64', os.version: '10.0', java.version: '1.8.0_231'
Driver info: org.openqa.selenium.chrome.ChromeDriver
Capabilities {acceptInsecureCerts: false, browserName: chrome, browserVersion: 81.0.4044.113, chrome: {chromedriverVersion: 81.0.4044.20 (f006328e39a97..., userDataDir: C:\Users\ASUS\AppData\Local...}, goog:chromeOptions: {debuggerAddress: localhost:57791}, javascriptEnabled: true, networkConnectionEnabled: false, pageLoadStrategy: normal, platform: WINDOWS, platformName: WINDOWS, proxy: Proxy(), setWindowRect: true, strictFileInteractability: false, timeouts: {implicit: 0, pageLoad: 300000, script: 30000}, unhandledPromptBehavior: dismiss and notify, webauthn:virtualAuthenticators: true}
Session ID: fb90380af9628223a28dbbec6dd8ab27
*** Element info: {Using=css selector, value=div[class='recaptcha-checkbox-border']}
at sun.reflect.NativeConstructorAccessorImpl.newInstance0(Native Method)
at sun.reflect.NativeConstructorAccessorImpl.newInstance(NativeConstructorAccessorImpl.java:62)
at sun.reflect.DelegatingConstructorAccessorImpl.newInstance(DelegatingConstructorAccessorImpl.java:45)
at java.lang.reflect.Constructor.newInstance(Constructor.java:423)
at org.openqa.selenium.remote.codec.w3c.W3CHttpResponseCodec.createException(W3CHttpResponseCodec.java:190)
at org.openqa.selenium.remote.codec.w3c.W3CHttpResponseCodec.decode(W3CHttpResponseCodec.java:124)
at org.openqa.selenium.remote.codec.w3c.W3CHttpResponseCodec.decode(W3CHttpResponseCodec.java:51)
at org.openqa.selenium.remote.HttpCommandExecutor.execute(HttpCommandExecutor.java:161)
at org.openqa.selenium.remote.service.DriverCommandExecutor.execute(DriverCommandExecutor.java:83)
at org.openqa.selenium.remote.RemoteWebDriver.execute(RemoteWebDriver.java:577)
at org.openqa.selenium.remote.RemoteWebDriver.findElement(RemoteWebDriver.java:328)
at org.openqa.selenium.remote.RemoteWebDriver.findElementByCssSelector(RemoteWebDriver.java:436)
at org.openqa.selenium.By$ByCssSelector.findElement(By.java:431)
at org.openqa.selenium.remote.RemoteWebDriver.findElement(RemoteWebDriver.java:320)
at org.openqa.selenium.support.pagefactory.DefaultElementLocator.findElement(DefaultElementLocator.java:70)
at org.openqa.selenium.support.pagefactory.internal.LocatingElementHandler.invoke(LocatingElementHandler.java:39)
at com.sun.proxy.$Proxy12.click(Unknown Source)
at com.qa.crm.pages.RegisterPage.clickOnCaptcha(RegisterPage.java:84)
at com.qa.crm.testpages.RegisterPageTest.fillRegistrationForm(RegisterPageTest.java:80)
at sun.reflect.NativeMethodAccessorImpl.invoke0(Native Method)
at sun.reflect.NativeMethodAccessorImpl.invoke(NativeMethodAccessorImpl.java:62)
at sun.reflect.DelegatingMethodAccessorImpl.invoke(DelegatingMethodAccessorImpl.java:43)
at java.lang.reflect.Method.invoke(Method.java:498)
at org.testng.internal.MethodInvocationHelper.invokeMethod(MethodInvocationHelper.java:134)
at org.testng.internal.TestInvoker.invokeMethod(TestInvoker.java:597)
at org.testng.internal.TestInvoker.retryFailed(TestInvoker.java:213)
at org.testng.internal.MethodRunner.runInSequence(MethodRunner.java:58)
at org.testng.internal.TestInvoker$MethodInvocationAgent.invoke(TestInvoker.java:816)
at org.testng.internal.TestInvoker.invokeTestMethods(TestInvoker.java:146)
at org.testng.internal.TestMethodWorker.invokeTestMethods(TestMethodWorker.java:146)
at org.testng.internal.TestMethodWorker.run(TestMethodWorker.java:128)
at java.util.ArrayList.forEach(ArrayList.java:1257)
at org.testng.TestRunner.privateRun(TestRunner.java:766)
at org.testng.TestRunner.run(TestRunner.java:587)
at org.testng.SuiteRunner.runTest(SuiteRunner.java:384)
at org.testng.SuiteRunner.access$000(SuiteRunner.java:28)
at org.testng.SuiteRunner$SuiteWorker.run(SuiteRunner.java:425)
at org.testng.internal.thread.ThreadUtil.lambda$execute$0(ThreadUtil.java:68)
at java.util.concurrent.FutureTask.run(FutureTask.java:266)
at java.util.concurrent.ThreadPoolExecutor.runWorker(ThreadPoolExecutor.java:1149)
at java.util.concurrent.ThreadPoolExecutor$Worker.run(ThreadPoolExecutor.java:624)
at java.lang.Thread.run(Thread.java:748)
]]>
            </full-stacktrace>
          </exception> <!-- org.openqa.selenium.NoSuchElementException -->
          <reporter-output>
          </reporter-output>
        </test-method> <!-- fillRegistrationForm -->
        <test-method status="PASS" signature="tearDown()[pri:0, instance:com.qa.crm.testpages.RegisterPageTest@59717824]" name="tearDown" is-config="true" duration-ms="819" started-at="2020-04-24T22:26:38 IST" finished-at="2020-04-24T22:26:39 IST">
          <reporter-output>
          </reporter-output>
        </test-method> <!-- tearDown -->
        <test-method status="PASS" signature="setUp()[pri:0, instance:com.qa.crm.testpages.RegisterPageTest@59717824]" name="setUp" is-config="true" duration-ms="14309" started-at="2020-04-24T22:26:39 IST" finished-at="2020-04-24T22:26:54 IST">
          <reporter-output>
          </reporter-output>
        </test-method> <!-- setUp -->
        <test-method status="FAIL" signature="fillRegistrationForm(java.lang.String, java.lang.String, java.lang.String)[pri:2, instance:com.qa.crm.testpages.RegisterPageTest@59717824]" name="fillRegistrationForm" duration-ms="46427" started-at="2020-04-24T22:26:54 IST" data-provider="data" depends-on-methods="com.qa.crm.testpages.RegisterPageTest.verifyTitleTest" finished-at="2020-04-24T22:27:40 IST">
          <params>
            <param index="0">
              <value>
                <![CDATA[ankurmahaj@gmail.com]]>
              </value>
            </param>
            <param index="1">
              <value>
                <![CDATA[Canada (+1)]]>
              </value>
            </param>
            <param index="2">
              <value>
                <![CDATA[9878648461]]>
              </value>
            </param>
          </params>
          <exception class="org.openqa.selenium.NoSuchElementException">
            <message>
              <![CDATA[no such element: Unable to locate element: {"method":"css selector","selector":"div[class='recaptcha-checkbox-border']"}
  (Session info: chrome=81.0.4044.113)
For documentation on this error, please visit: https://www.seleniumhq.org/exceptions/no_such_element.html
Build info: version: '4.0.0-alpha-1', revision: 'd1d3728cae', time: '2019-04-24T13:42:21'
System info: host: 'LAPTOP-FK5U4VG9', ip: '192.168.0.103', os.name: 'Windows 10', os.arch: 'amd64', os.version: '10.0', java.version: '1.8.0_231'
Driver info: org.openqa.selenium.chrome.ChromeDriver
Capabilities {acceptInsecureCerts: false, browserName: chrome, browserVersion: 81.0.4044.113, chrome: {chromedriverVersion: 81.0.4044.20 (f006328e39a97..., userDataDir: C:\Users\ASUS\AppData\Local...}, goog:chromeOptions: {debuggerAddress: localhost:57871}, javascriptEnabled: true, networkConnectionEnabled: false, pageLoadStrategy: normal, platform: WINDOWS, platformName: WINDOWS, proxy: Proxy(), setWindowRect: true, strictFileInteractability: false, timeouts: {implicit: 0, pageLoad: 300000, script: 30000}, unhandledPromptBehavior: dismiss and notify, webauthn:virtualAuthenticators: true}
Session ID: 1b7160f84a98bdb0a48d3fb741fc8a83
*** Element info: {Using=css selector, value=div[class='recaptcha-checkbox-border']}]]>
            </message>
            <full-stacktrace>
              <![CDATA[org.openqa.selenium.NoSuchElementException: no such element: Unable to locate element: {"method":"css selector","selector":"div[class='recaptcha-checkbox-border']"}
  (Session info: chrome=81.0.4044.113)
For documentation on this error, please visit: https://www.seleniumhq.org/exceptions/no_such_element.html
Build info: version: '4.0.0-alpha-1', revision: 'd1d3728cae', time: '2019-04-24T13:42:21'
System info: host: 'LAPTOP-FK5U4VG9', ip: '192.168.0.103', os.name: 'Windows 10', os.arch: 'amd64', os.version: '10.0', java.version: '1.8.0_231'
Driver info: org.openqa.selenium.chrome.ChromeDriver
Capabilities {acceptInsecureCerts: false, browserName: chrome, browserVersion: 81.0.4044.113, chrome: {chromedriverVersion: 81.0.4044.20 (f006328e39a97..., userDataDir: C:\Users\ASUS\AppData\Local...}, goog:chromeOptions: {debuggerAddress: localhost:57871}, javascriptEnabled: true, networkConnectionEnabled: false, pageLoadStrategy: normal, platform: WINDOWS, platformName: WINDOWS, proxy: Proxy(), setWindowRect: true, strictFileInteractability: false, timeouts: {implicit: 0, pageLoad: 300000, script: 30000}, unhandledPromptBehavior: dismiss and notify, webauthn:virtualAuthenticators: true}
Session ID: 1b7160f84a98bdb0a48d3fb741fc8a83
*** Element info: {Using=css selector, value=div[class='recaptcha-checkbox-border']}
at sun.reflect.NativeConstructorAccessorImpl.newInstance0(Native Method)
at sun.reflect.NativeConstructorAccessorImpl.newInstance(NativeConstructorAccessorImpl.java:62)
at sun.reflect.DelegatingConstructorAccessorImpl.newInstance(DelegatingConstructorAccessorImpl.java:45)
at java.lang.reflect.Constructor.newInstance(Constructor.java:423)
at org.openqa.selenium.remote.codec.w3c.W3CHttpResponseCodec.createException(W3CHttpResponseCodec.java:190)
at org.openqa.selenium.remote.codec.w3c.W3CHttpResponseCodec.decode(W3CHttpResponseCodec.java:124)
at org.openqa.selenium.remote.codec.w3c.W3CHttpResponseCodec.decode(W3CHttpResponseCodec.java:51)
at org.openqa.selenium.remote.HttpCommandExecutor.execute(HttpCommandExecutor.java:161)
at org.openqa.selenium.remote.service.DriverCommandExecutor.execute(DriverCommandExecutor.java:83)
at org.openqa.selenium.remote.RemoteWebDriver.execute(RemoteWebDriver.java:577)
at org.openqa.selenium.remote.RemoteWebDriver.findElement(RemoteWebDriver.java:328)
at org.openqa.selenium.remote.RemoteWebDriver.findElementByCssSelector(RemoteWebDriver.java:436)
at org.openqa.selenium.By$ByCssSelector.findElement(By.java:431)
at org.openqa.selenium.remote.RemoteWebDriver.findElement(RemoteWebDriver.java:320)
at org.openqa.selenium.support.pagefactory.DefaultElementLocator.findElement(DefaultElementLocator.java:70)
at org.openqa.selenium.support.pagefactory.internal.LocatingElementHandler.invoke(LocatingElementHandler.java:39)
at com.sun.proxy.$Proxy12.click(Unknown Source)
at com.qa.crm.pages.RegisterPage.clickOnCaptcha(RegisterPage.java:84)
at com.qa.crm.testpages.RegisterPageTest.fillRegistrationForm(RegisterPageTest.java:80)
at sun.reflect.NativeMethodAccessorImpl.invoke0(Native Method)
at sun.reflect.NativeMethodAccessorImpl.invoke(NativeMethodAccessorImpl.java:62)
at sun.reflect.DelegatingMethodAccessorImpl.invoke(DelegatingMethodAccessorImpl.java:43)
at java.lang.reflect.Method.invoke(Method.java:498)
at org.testng.internal.MethodInvocationHelper.invokeMethod(MethodInvocationHelper.java:134)
at org.testng.internal.TestInvoker.invokeMethod(TestInvoker.java:597)
at org.testng.internal.TestInvoker.retryFailed(TestInvoker.java:213)
at org.testng.internal.MethodRunner.runInSequence(MethodRunner.java:58)
at org.testng.internal.TestInvoker$MethodInvocationAgent.invoke(TestInvoker.java:816)
at org.testng.internal.TestInvoker.invokeTestMethods(TestInvoker.java:146)
at org.testng.internal.TestMethodWorker.invokeTestMethods(TestMethodWorker.java:146)
at org.testng.internal.TestMethodWorker.run(TestMethodWorker.java:128)
at java.util.ArrayList.forEach(ArrayList.java:1257)
at org.testng.TestRunner.privateRun(TestRunner.java:766)
at org.testng.TestRunner.run(TestRunner.java:587)
at org.testng.SuiteRunner.runTest(SuiteRunner.java:384)
at org.testng.SuiteRunner.access$000(SuiteRunner.java:28)
at org.testng.SuiteRunner$SuiteWorker.run(SuiteRunner.java:425)
at org.testng.internal.thread.ThreadUtil.lambda$execute$0(ThreadUtil.java:68)
at java.util.concurrent.FutureTask.run(FutureTask.java:266)
at java.util.concurrent.ThreadPoolExecutor.runWorker(ThreadPoolExecutor.java:1149)
at java.util.concurrent.ThreadPoolExecutor$Worker.run(ThreadPoolExecutor.java:624)
at java.lang.Thread.run(Thread.java:748)
]]>
            </full-stacktrace>
          </exception> <!-- org.openqa.selenium.NoSuchElementException -->
          <reporter-output>
          </reporter-output>
        </test-method> <!-- fillRegistrationForm -->
        <test-method status="PASS" signature="tearDown()[pri:0, instance:com.qa.crm.testpages.RegisterPageTest@59717824]" name="tearDown" is-config="true" duration-ms="918" started-at="2020-04-24T22:27:41 IST" finished-at="2020-04-24T22:27:42 IST">
          <reporter-output>
          </reporter-output>
        </test-method> <!-- tearDown -->
      </class> <!-- com.qa.crm.testpages.RegisterPageTest -->
    </test> <!-- Test -->
  </suite> <!-- Suite -->
</testng-results>
